<?xml version="1.0" encoding="UTF-8"?>
<!-- Generated by org.testng.reporters.JUnitReportReporter -->
<testsuite skipped="0" hostname="DESKTOP-1D8LR14" name="TotalSum" tests="1" failures="0" timestamp="2020-10-18T11:44:26 IST" time="1.619" errors="0">
  <testcase name="sumofcourse" time="1.619" classname="TotalSum"/>
  <system-out/>
</testsuite> <!-- TotalSum -->
