<?xml version="1.0" encoding="UTF-8"?>
<!-- Generated by org.testng.reporters.JUnitReportReporter -->
<testsuite skipped="0" hostname="DESKTOP-1D8LR14" name="Dynamicjson" tests="3" failures="0" timestamp="2020-10-31T12:50:10 IST" time="3.925" errors="0">
  <testcase name="addBook" time="0.174" classname="Dynamicjson"/>
  <system-out/>
  <testcase name="addBook" time="0.133" classname="Dynamicjson"/>
  <system-out/>
  <testcase name="addBook" time="3.618" classname="Dynamicjson"/>
  <system-out/>
</testsuite> <!-- Dynamicjson -->
